{"/Users/sumayayusuf/Desktop/Test Git /book-test/book-favs/src/App.tsx": {"path":"/Users/sumayayusuf/Desktop/Test Git /book-test/book-favs/src/App.tsx","all":false,"statementMap":{"0":{"start":{"line":1,"column":0},"end":{"line":1,"column":44}},"1":{"start":{"line":2,"column":0},"end":{"line":2,"column":51}},"2":{"start":{"line":3,"column":0},"end":{"line":3,"column":41}},"4":{"start":{"line":5,"column":0},"end":{"line":5,"column":47}},"5":{"start":{"line":6,"column":0},"end":{"line":6,"column":53}},"6":{"start":{"line":7,"column":0},"end":{"line":7,"column":21}},"8":{"start":{"line":9,"column":0},"end":{"line":9,"column":16}},"9":{"start":{"line":10,"column":0},"end":{"line":10,"column":52}},"10":{"start":{"line":11,"column":0},"end":{"line":11,"column":49}},"11":{"start":{"line":12,"column":0},"end":{"line":12,"column":44}},"12":{"start":{"line":13,"column":0},"end":{"line":13,"column":5}},"14":{"start":{"line":15,"column":0},"end":{"line":15,"column":60}},"15":{"start":{"line":16,"column":0},"end":{"line":16,"column":53}},"16":{"start":{"line":17,"column":0},"end":{"line":17,"column":44}},"17":{"start":{"line":18,"column":0},"end":{"line":18,"column":5}},"19":{"start":{"line":20,"column":0},"end":{"line":20,"column":50}},"21":{"start":{"line":22,"column":0},"end":{"line":22,"column":19}},"22":{"start":{"line":23,"column":0},"end":{"line":23,"column":57}},"23":{"start":{"line":24,"column":0},"end":{"line":24,"column":14}},"25":{"start":{"line":26,"column":0},"end":{"line":26,"column":19}},"26":{"start":{"line":27,"column":0},"end":{"line":27,"column":65}},"27":{"start":{"line":28,"column":0},"end":{"line":28,"column":18}},"29":{"start":{"line":30,"column":0},"end":{"line":30,"column":70}},"32":{"start":{"line":33,"column":0},"end":{"line":33,"column":44}},"33":{"start":{"line":34,"column":0},"end":{"line":34,"column":52}},"34":{"start":{"line":35,"column":0},"end":{"line":35,"column":56}},"35":{"start":{"line":36,"column":0},"end":{"line":36,"column":4}},"37":{"start":{"line":38,"column":0},"end":{"line":38,"column":42}},"38":{"start":{"line":39,"column":0},"end":{"line":39,"column":24}},"39":{"start":{"line":40,"column":0},"end":{"line":40,"column":38}},"40":{"start":{"line":41,"column":0},"end":{"line":41,"column":44}},"41":{"start":{"line":42,"column":0},"end":{"line":42,"column":25}},"42":{"start":{"line":43,"column":0},"end":{"line":43,"column":6}},"43":{"start":{"line":44,"column":0},"end":{"line":44,"column":4}},"45":{"start":{"line":46,"column":0},"end":{"line":46,"column":40}},"46":{"start":{"line":47,"column":0},"end":{"line":47,"column":56}},"48":{"start":{"line":49,"column":0},"end":{"line":49,"column":9}},"49":{"start":{"line":50,"column":0},"end":{"line":50,"column":4}},"50":{"start":{"line":51,"column":0},"end":{"line":51,"column":33}},"51":{"start":{"line":52,"column":0},"end":{"line":52,"column":13}},"52":{"start":{"line":53,"column":0},"end":{"line":53,"column":35}},"53":{"start":{"line":54,"column":0},"end":{"line":54,"column":49}},"54":{"start":{"line":55,"column":0},"end":{"line":55,"column":8}},"56":{"start":{"line":57,"column":0},"end":{"line":57,"column":12}},"57":{"start":{"line":58,"column":0},"end":{"line":58,"column":41}},"58":{"start":{"line":59,"column":0},"end":{"line":59,"column":17}},"59":{"start":{"line":60,"column":0},"end":{"line":60,"column":25}},"60":{"start":{"line":61,"column":0},"end":{"line":61,"column":20}},"61":{"start":{"line":62,"column":0},"end":{"line":62,"column":25}},"62":{"start":{"line":63,"column":0},"end":{"line":63,"column":33}},"63":{"start":{"line":64,"column":0},"end":{"line":64,"column":45}},"64":{"start":{"line":65,"column":0},"end":{"line":65,"column":39}},"65":{"start":{"line":66,"column":0},"end":{"line":66,"column":12}},"66":{"start":{"line":67,"column":0},"end":{"line":67,"column":18}},"67":{"start":{"line":68,"column":0},"end":{"line":68,"column":13}},"68":{"start":{"line":69,"column":0},"end":{"line":69,"column":10}},"70":{"start":{"line":71,"column":0},"end":{"line":71,"column":17}},"71":{"start":{"line":72,"column":0},"end":{"line":72,"column":27}},"72":{"start":{"line":73,"column":0},"end":{"line":73,"column":24}},"73":{"start":{"line":74,"column":0},"end":{"line":74,"column":31}},"74":{"start":{"line":75,"column":0},"end":{"line":75,"column":40}},"75":{"start":{"line":76,"column":0},"end":{"line":76,"column":6}},"76":{"start":{"line":77,"column":0},"end":{"line":77,"column":5}},"78":{"start":{"line":79,"column":0},"end":{"line":79,"column":1}},"80":{"start":{"line":81,"column":0},"end":{"line":81,"column":19}}},"s":{"0":1,"1":1,"2":1,"4":1,"5":1,"6":1,"8":6,"9":6,"10":2,"11":2,"12":6,"14":6,"15":2,"16":2,"17":6,"19":6,"21":6,"22":4,"23":6,"25":6,"26":3,"27":6,"29":6,"32":6,"33":0,"34":0,"35":0,"37":6,"38":1,"39":1,"40":0,"41":1,"42":1,"43":1,"45":6,"46":0,"48":6,"49":6,"50":6,"51":6,"52":6,"53":6,"54":6,"56":6,"57":6,"58":6,"59":6,"60":6,"61":6,"62":6,"63":6,"64":6,"65":6,"66":6,"67":6,"68":6,"70":6,"71":6,"72":6,"73":6,"74":6,"75":6,"76":6,"78":6,"80":1},"branchMap":{"0":{"type":"branch","line":9,"loc":{"start":{"line":9,"column":0},"end":{"line":79,"column":1}},"locations":[{"start":{"line":9,"column":0},"end":{"line":79,"column":1}}]},"1":{"type":"branch","line":10,"loc":{"start":{"line":10,"column":45},"end":{"line":13,"column":3}},"locations":[{"start":{"line":10,"column":45},"end":{"line":13,"column":3}}]},"2":{"type":"branch","line":12,"loc":{"start":{"line":12,"column":11},"end":{"line":12,"column":41}},"locations":[{"start":{"line":12,"column":11},"end":{"line":12,"column":41}}]},"3":{"type":"branch","line":15,"loc":{"start":{"line":15,"column":53},"end":{"line":18,"column":3}},"locations":[{"start":{"line":15,"column":53},"end":{"line":18,"column":3}}]},"4":{"type":"branch","line":17,"loc":{"start":{"line":17,"column":11},"end":{"line":17,"column":41}},"locations":[{"start":{"line":17,"column":11},"end":{"line":17,"column":41}}]},"5":{"type":"branch","line":22,"loc":{"start":{"line":22,"column":12},"end":{"line":24,"column":5}},"locations":[{"start":{"line":22,"column":12},"end":{"line":24,"column":5}}]},"6":{"type":"branch","line":26,"loc":{"start":{"line":26,"column":12},"end":{"line":28,"column":5}},"locations":[{"start":{"line":26,"column":12},"end":{"line":28,"column":5}}]},"7":{"type":"branch","line":30,"loc":{"start":{"line":30,"column":20},"end":{"line":30,"column":70}},"locations":[{"start":{"line":30,"column":20},"end":{"line":30,"column":70}}]},"8":{"type":"branch","line":30,"loc":{"start":{"line":30,"column":45},"end":{"line":30,"column":68}},"locations":[{"start":{"line":30,"column":45},"end":{"line":30,"column":68}}]},"9":{"type":"branch","line":38,"loc":{"start":{"line":38,"column":25},"end":{"line":44,"column":4}},"locations":[{"start":{"line":38,"column":25},"end":{"line":44,"column":4}}]},"10":{"type":"branch","line":39,"loc":{"start":{"line":39,"column":17},"end":{"line":42,"column":25}},"locations":[{"start":{"line":39,"column":17},"end":{"line":42,"column":25}}]},"11":{"type":"branch","line":40,"loc":{"start":{"line":40,"column":37},"end":{"line":41,"column":44}},"locations":[{"start":{"line":40,"column":37},"end":{"line":41,"column":44}}]},"12":{"type":"branch","line":54,"loc":{"start":{"line":54,"column":22},"end":{"line":54,"column":49}},"locations":[{"start":{"line":54,"column":22},"end":{"line":54,"column":49}}]},"13":{"type":"branch","line":54,"loc":{"start":{"line":54,"column":40},"end":{"line":54,"column":47}},"locations":[{"start":{"line":54,"column":40},"end":{"line":54,"column":47}}]}},"b":{"0":[6],"1":[2],"2":[0],"3":[2],"4":[0],"5":[4],"6":[3],"7":[2],"8":[2],"9":[1],"10":[1],"11":[0],"12":[1],"13":[1]},"fnMap":{"0":{"name":"App","decl":{"start":{"line":9,"column":0},"end":{"line":79,"column":1}},"loc":{"start":{"line":9,"column":0},"end":{"line":79,"column":1}},"line":9},"1":{"name":"handleAdd","decl":{"start":{"line":30,"column":20},"end":{"line":30,"column":70}},"loc":{"start":{"line":30,"column":20},"end":{"line":30,"column":70}},"line":30},"2":{"name":"handleRemoveBook","decl":{"start":{"line":33,"column":27},"end":{"line":36,"column":4}},"loc":{"start":{"line":33,"column":27},"end":{"line":36,"column":4}},"line":33},"3":{"name":"toggleFavorite","decl":{"start":{"line":38,"column":25},"end":{"line":44,"column":4}},"loc":{"start":{"line":38,"column":25},"end":{"line":44,"column":4}},"line":38},"4":{"name":"removeFavorite","decl":{"start":{"line":46,"column":25},"end":{"line":47,"column":56}},"loc":{"start":{"line":46,"column":25},"end":{"line":47,"column":56}},"line":46},"5":{"name":"onToggleCart","decl":{"start":{"line":54,"column":22},"end":{"line":54,"column":49}},"loc":{"start":{"line":54,"column":22},"end":{"line":54,"column":49}},"line":54},"6":{"name":"onClose","decl":{"start":{"line":75,"column":15},"end":{"line":75,"column":40}},"loc":{"start":{"line":75,"column":15},"end":{"line":75,"column":40}},"line":75}},"f":{"0":6,"1":2,"2":0,"3":1,"4":0,"5":1,"6":0}}
,"/Users/sumayayusuf/Desktop/Test Git /book-test/book-favs/src/main.tsx": {"path":"/Users/sumayayusuf/Desktop/Test Git /book-test/book-favs/src/main.tsx","all":true,"statementMap":{"0":{"start":{"line":1,"column":0},"end":{"line":1,"column":35}},"1":{"start":{"line":2,"column":0},"end":{"line":2,"column":46}},"2":{"start":{"line":3,"column":0},"end":{"line":3,"column":0}},"3":{"start":{"line":4,"column":0},"end":{"line":4,"column":28}},"4":{"start":{"line":5,"column":0},"end":{"line":5,"column":0}},"5":{"start":{"line":6,"column":0},"end":{"line":6,"column":52}},"6":{"start":{"line":7,"column":0},"end":{"line":7,"column":14}},"7":{"start":{"line":8,"column":0},"end":{"line":8,"column":11}},"8":{"start":{"line":9,"column":0},"end":{"line":9,"column":15}},"9":{"start":{"line":10,"column":0},"end":{"line":10,"column":2}}},"s":{"0":0,"1":0,"2":0,"3":0,"4":0,"5":0,"6":0,"7":0,"8":0,"9":0},"branchMap":{"0":{"type":"branch","line":1,"loc":{"start":{"line":1,"column":0},"end":{"line":10,"column":2}},"locations":[{"start":{"line":1,"column":0},"end":{"line":10,"column":2}}]}},"b":{"0":[0]},"fnMap":{"0":{"name":"(empty-report)","decl":{"start":{"line":1,"column":0},"end":{"line":10,"column":2}},"loc":{"start":{"line":1,"column":0},"end":{"line":10,"column":2}},"line":1}},"f":{"0":0}}
,"/Users/sumayayusuf/Desktop/Test Git /book-test/book-favs/src/types.ts": {"path":"/Users/sumayayusuf/Desktop/Test Git /book-test/book-favs/src/types.ts","all":true,"statementMap":{"0":{"start":{"line":1,"column":0},"end":{"line":1,"column":20}},"1":{"start":{"line":2,"column":0},"end":{"line":2,"column":12}},"2":{"start":{"line":3,"column":0},"end":{"line":3,"column":15}},"3":{"start":{"line":4,"column":0},"end":{"line":4,"column":16}},"4":{"start":{"line":5,"column":0},"end":{"line":5,"column":16}},"5":{"start":{"line":6,"column":0},"end":{"line":6,"column":1}}},"s":{"0":0,"1":0,"2":0,"3":0,"4":0,"5":0},"branchMap":{"0":{"type":"branch","line":1,"loc":{"start":{"line":1,"column":0},"end":{"line":6,"column":1}},"locations":[{"start":{"line":1,"column":0},"end":{"line":6,"column":1}}]}},"b":{"0":[0]},"fnMap":{"0":{"name":"(empty-report)","decl":{"start":{"line":1,"column":0},"end":{"line":6,"column":1}},"loc":{"start":{"line":1,"column":0},"end":{"line":6,"column":1}},"line":1}},"f":{"0":0}}
,"/Users/sumayayusuf/Desktop/Test Git /book-test/book-favs/src/components/AddBookForm.tsx": {"path":"/Users/sumayayusuf/Desktop/Test Git /book-test/book-favs/src/components/AddBookForm.tsx","all":false,"statementMap":{"0":{"start":{"line":1,"column":0},"end":{"line":1,"column":49}},"8":{"start":{"line":9,"column":0},"end":{"line":9,"column":66}},"9":{"start":{"line":10,"column":0},"end":{"line":10,"column":41}},"10":{"start":{"line":11,"column":0},"end":{"line":11,"column":43}},"11":{"start":{"line":12,"column":0},"end":{"line":12,"column":41}},"12":{"start":{"line":13,"column":0},"end":{"line":13,"column":58}},"14":{"start":{"line":15,"column":0},"end":{"line":15,"column":42}},"15":{"start":{"line":16,"column":0},"end":{"line":16,"column":23}},"16":{"start":{"line":17,"column":0},"end":{"line":17,"column":42}},"17":{"start":{"line":18,"column":0},"end":{"line":18,"column":55}},"18":{"start":{"line":19,"column":0},"end":{"line":19,"column":13}},"19":{"start":{"line":20,"column":0},"end":{"line":20,"column":5}},"20":{"start":{"line":21,"column":0},"end":{"line":21,"column":19}},"21":{"start":{"line":22,"column":0},"end":{"line":22,"column":27}},"22":{"start":{"line":23,"column":0},"end":{"line":23,"column":29}},"23":{"start":{"line":24,"column":0},"end":{"line":24,"column":26}},"24":{"start":{"line":25,"column":0},"end":{"line":25,"column":28}},"25":{"start":{"line":26,"column":0},"end":{"line":26,"column":39}},"26":{"start":{"line":27,"column":0},"end":{"line":27,"column":6}},"27":{"start":{"line":28,"column":0},"end":{"line":28,"column":19}},"28":{"start":{"line":29,"column":0},"end":{"line":29,"column":17}},"29":{"start":{"line":30,"column":0},"end":{"line":30,"column":18}},"30":{"start":{"line":31,"column":0},"end":{"line":31,"column":17}},"31":{"start":{"line":32,"column":0},"end":{"line":32,"column":4}},"33":{"start":{"line":34,"column":0},"end":{"line":34,"column":10}},"34":{"start":{"line":35,"column":0},"end":{"line":35,"column":61}},"35":{"start":{"line":36,"column":0},"end":{"line":36,"column":28}},"37":{"start":{"line":38,"column":0},"end":{"line":38,"column":42}},"38":{"start":{"line":39,"column":0},"end":{"line":39,"column":12}},"39":{"start":{"line":40,"column":0},"end":{"line":40,"column":18}},"40":{"start":{"line":41,"column":0},"end":{"line":41,"column":21}},"41":{"start":{"line":42,"column":0},"end":{"line":42,"column":50}},"42":{"start":{"line":43,"column":0},"end":{"line":43,"column":37}},"43":{"start":{"line":44,"column":0},"end":{"line":44,"column":8}},"45":{"start":{"line":46,"column":0},"end":{"line":46,"column":48}},"46":{"start":{"line":47,"column":0},"end":{"line":47,"column":12}},"47":{"start":{"line":48,"column":0},"end":{"line":48,"column":19}},"48":{"start":{"line":49,"column":0},"end":{"line":49,"column":22}},"49":{"start":{"line":50,"column":0},"end":{"line":50,"column":51}},"50":{"start":{"line":51,"column":0},"end":{"line":51,"column":36}},"51":{"start":{"line":52,"column":0},"end":{"line":52,"column":8}},"53":{"start":{"line":54,"column":0},"end":{"line":54,"column":45}},"54":{"start":{"line":55,"column":0},"end":{"line":55,"column":12}},"55":{"start":{"line":56,"column":0},"end":{"line":56,"column":18}},"56":{"start":{"line":57,"column":0},"end":{"line":57,"column":21}},"57":{"start":{"line":58,"column":0},"end":{"line":58,"column":50}},"58":{"start":{"line":59,"column":0},"end":{"line":59,"column":52}},"59":{"start":{"line":60,"column":0},"end":{"line":60,"column":8}},"61":{"start":{"line":62,"column":0},"end":{"line":62,"column":17}},"62":{"start":{"line":63,"column":0},"end":{"line":63,"column":49}},"63":{"start":{"line":64,"column":0},"end":{"line":64,"column":17}},"64":{"start":{"line":65,"column":0},"end":{"line":65,"column":12}},"67":{"start":{"line":68,"column":0},"end":{"line":68,"column":48}},"68":{"start":{"line":69,"column":0},"end":{"line":69,"column":11}},"70":{"start":{"line":71,"column":0},"end":{"line":71,"column":1}}},"s":{"0":1,"8":153,"9":153,"10":153,"11":153,"12":153,"14":153,"15":5,"16":5,"17":1,"18":1,"19":1,"20":4,"21":4,"22":4,"23":4,"24":4,"25":5,"26":5,"27":5,"28":5,"29":5,"30":5,"31":5,"33":153,"34":153,"35":153,"37":153,"38":153,"39":153,"40":153,"41":153,"42":153,"43":153,"45":153,"46":153,"47":153,"48":153,"49":153,"50":153,"51":153,"53":153,"54":153,"55":153,"56":153,"57":153,"58":153,"59":153,"61":153,"62":1,"63":1,"64":1,"67":153,"68":153,"70":153},"branchMap":{"0":{"type":"branch","line":9,"loc":{"start":{"line":9,"column":0},"end":{"line":71,"column":1}},"locations":[{"start":{"line":9,"column":0},"end":{"line":71,"column":1}}]},"1":{"type":"branch","line":62,"loc":{"start":{"line":62,"column":7},"end":{"line":65,"column":12}},"locations":[{"start":{"line":62,"column":7},"end":{"line":65,"column":12}}]},"2":{"type":"branch","line":15,"loc":{"start":{"line":15,"column":23},"end":{"line":32,"column":4}},"locations":[{"start":{"line":15,"column":23},"end":{"line":32,"column":4}}]},"3":{"type":"branch","line":17,"loc":{"start":{"line":17,"column":20},"end":{"line":17,"column":41}},"locations":[{"start":{"line":17,"column":20},"end":{"line":17,"column":41}}]},"4":{"type":"branch","line":17,"loc":{"start":{"line":17,"column":41},"end":{"line":20,"column":5}},"locations":[{"start":{"line":17,"column":41},"end":{"line":20,"column":5}}]},"5":{"type":"branch","line":20,"loc":{"start":{"line":20,"column":4},"end":{"line":26,"column":29}},"locations":[{"start":{"line":20,"column":4},"end":{"line":26,"column":29}}]},"6":{"type":"branch","line":26,"loc":{"start":{"line":26,"column":24},"end":{"line":26,"column":39}},"locations":[{"start":{"line":26,"column":24},"end":{"line":26,"column":39}}]},"7":{"type":"branch","line":42,"loc":{"start":{"line":42,"column":18},"end":{"line":42,"column":50}},"locations":[{"start":{"line":42,"column":18},"end":{"line":42,"column":50}}]},"8":{"type":"branch","line":50,"loc":{"start":{"line":50,"column":18},"end":{"line":50,"column":51}},"locations":[{"start":{"line":50,"column":18},"end":{"line":50,"column":51}}]},"9":{"type":"branch","line":58,"loc":{"start":{"line":58,"column":18},"end":{"line":58,"column":50}},"locations":[{"start":{"line":58,"column":18},"end":{"line":58,"column":50}}]}},"b":{"0":[153],"1":[1],"2":[5],"3":[4],"4":[1],"5":[4],"6":[2],"7":[26],"8":[56],"9":[59]},"fnMap":{"0":{"name":"AddBookForm","decl":{"start":{"line":9,"column":0},"end":{"line":71,"column":1}},"loc":{"start":{"line":9,"column":0},"end":{"line":71,"column":1}},"line":9},"1":{"name":"handleSubmit","decl":{"start":{"line":15,"column":23},"end":{"line":32,"column":4}},"loc":{"start":{"line":15,"column":23},"end":{"line":32,"column":4}},"line":15},"2":{"name":"onChange","decl":{"start":{"line":42,"column":18},"end":{"line":42,"column":50}},"loc":{"start":{"line":42,"column":18},"end":{"line":42,"column":50}},"line":42},"3":{"name":"onChange","decl":{"start":{"line":50,"column":18},"end":{"line":50,"column":51}},"loc":{"start":{"line":50,"column":18},"end":{"line":50,"column":51}},"line":50},"4":{"name":"onChange","decl":{"start":{"line":58,"column":18},"end":{"line":58,"column":50}},"loc":{"start":{"line":58,"column":18},"end":{"line":58,"column":50}},"line":58}},"f":{"0":153,"1":5,"2":26,"3":56,"4":59}}
,"/Users/sumayayusuf/Desktop/Test Git /book-test/book-favs/src/components/BooksList.tsx": {"path":"/Users/sumayayusuf/Desktop/Test Git /book-test/book-favs/src/components/BooksList.tsx","all":false,"statementMap":{"9":{"start":{"line":10,"column":0},"end":{"line":10,"column":35}},"10":{"start":{"line":11,"column":0},"end":{"line":11,"column":8}},"11":{"start":{"line":12,"column":0},"end":{"line":12,"column":12}},"12":{"start":{"line":13,"column":0},"end":{"line":13,"column":19}},"13":{"start":{"line":14,"column":0},"end":{"line":14,"column":11}},"14":{"start":{"line":15,"column":0},"end":{"line":15,"column":20}},"15":{"start":{"line":16,"column":0},"end":{"line":16,"column":65}},"17":{"start":{"line":18,"column":0},"end":{"line":18,"column":10}},"18":{"start":{"line":19,"column":0},"end":{"line":19,"column":42}},"19":{"start":{"line":20,"column":0},"end":{"line":20,"column":25}},"20":{"start":{"line":21,"column":0},"end":{"line":21,"column":59}},"21":{"start":{"line":22,"column":0},"end":{"line":22,"column":16}},"22":{"start":{"line":23,"column":0},"end":{"line":23,"column":25}},"23":{"start":{"line":24,"column":0},"end":{"line":24,"column":146}},"25":{"start":{"line":26,"column":0},"end":{"line":26,"column":17}},"26":{"start":{"line":27,"column":0},"end":{"line":27,"column":34}},"27":{"start":{"line":28,"column":0},"end":{"line":28,"column":35}},"28":{"start":{"line":29,"column":0},"end":{"line":29,"column":18}},"30":{"start":{"line":31,"column":0},"end":{"line":31,"column":19}},"31":{"start":{"line":32,"column":0},"end":{"line":32,"column":47}},"32":{"start":{"line":33,"column":0},"end":{"line":33,"column":49}},"34":{"start":{"line":35,"column":0},"end":{"line":35,"column":33}},"35":{"start":{"line":36,"column":0},"end":{"line":36,"column":21}},"37":{"start":{"line":38,"column":0},"end":{"line":38,"column":26}},"38":{"start":{"line":39,"column":0},"end":{"line":39,"column":21}},"39":{"start":{"line":40,"column":0},"end":{"line":40,"column":49}},"40":{"start":{"line":41,"column":0},"end":{"line":41,"column":46}},"41":{"start":{"line":42,"column":0},"end":{"line":42,"column":15}},"43":{"start":{"line":44,"column":0},"end":{"line":44,"column":23}},"45":{"start":{"line":46,"column":0},"end":{"line":46,"column":15}},"47":{"start":{"line":48,"column":0},"end":{"line":48,"column":9}},"48":{"start":{"line":49,"column":0},"end":{"line":49,"column":9}},"50":{"start":{"line":51,"column":0},"end":{"line":51,"column":1}}},"s":{"9":11,"10":11,"11":11,"12":11,"13":11,"14":11,"15":11,"17":8,"18":8,"19":8,"20":8,"21":8,"22":8,"23":8,"25":8,"26":8,"27":8,"28":8,"30":8,"31":8,"32":8,"34":8,"35":8,"37":8,"38":5,"39":5,"40":5,"41":5,"43":5,"45":8,"47":8,"48":8,"50":8},"branchMap":{"0":{"type":"branch","line":10,"loc":{"start":{"line":10,"column":0},"end":{"line":51,"column":1}},"locations":[{"start":{"line":10,"column":0},"end":{"line":51,"column":1}}]},"1":{"type":"branch","line":16,"loc":{"start":{"line":16,"column":26},"end":{"line":16,"column":65}},"locations":[{"start":{"line":16,"column":26},"end":{"line":16,"column":65}}]},"2":{"type":"branch","line":16,"loc":{"start":{"line":16,"column":60},"end":{"line":51,"column":1}},"locations":[{"start":{"line":16,"column":60},"end":{"line":51,"column":1}}]},"3":{"type":"branch","line":20,"loc":{"start":{"line":20,"column":17},"end":{"line":48,"column":7}},"locations":[{"start":{"line":20,"column":17},"end":{"line":48,"column":7}}]},"4":{"type":"branch","line":24,"loc":{"start":{"line":24,"column":15},"end":{"line":24,"column":72}},"locations":[{"start":{"line":24,"column":15},"end":{"line":24,"column":72}}]},"5":{"type":"branch","line":24,"loc":{"start":{"line":24,"column":67},"end":{"line":24,"column":146}},"locations":[{"start":{"line":24,"column":67},"end":{"line":24,"column":146}}]},"6":{"type":"branch","line":35,"loc":{"start":{"line":35,"column":15},"end":{"line":35,"column":29}},"locations":[{"start":{"line":35,"column":15},"end":{"line":35,"column":29}}]},"7":{"type":"branch","line":35,"loc":{"start":{"line":35,"column":23},"end":{"line":35,"column":33}},"locations":[{"start":{"line":35,"column":23},"end":{"line":35,"column":33}}]},"8":{"type":"branch","line":38,"loc":{"start":{"line":38,"column":13},"end":{"line":44,"column":23}},"locations":[{"start":{"line":38,"column":13},"end":{"line":44,"column":23}}]},"9":{"type":"branch","line":21,"loc":{"start":{"line":21,"column":37},"end":{"line":21,"column":57}},"locations":[{"start":{"line":21,"column":37},"end":{"line":21,"column":57}}]},"10":{"type":"branch","line":33,"loc":{"start":{"line":33,"column":23},"end":{"line":33,"column":49}},"locations":[{"start":{"line":33,"column":23},"end":{"line":33,"column":49}}]},"11":{"type":"branch","line":41,"loc":{"start":{"line":41,"column":25},"end":{"line":41,"column":46}},"locations":[{"start":{"line":41,"column":25},"end":{"line":41,"column":46}}]}},"b":{"0":[11],"1":[3],"2":[8],"3":[8],"4":[1],"5":[7],"6":[3],"7":[5],"8":[5],"9":[3],"10":[2],"11":[1]},"fnMap":{"0":{"name":"BooksList","decl":{"start":{"line":10,"column":0},"end":{"line":51,"column":1}},"loc":{"start":{"line":10,"column":0},"end":{"line":51,"column":1}},"line":10},"1":{"name":"onClick","decl":{"start":{"line":33,"column":23},"end":{"line":33,"column":49}},"loc":{"start":{"line":33,"column":23},"end":{"line":33,"column":49}},"line":33},"2":{"name":"onClick","decl":{"start":{"line":41,"column":25},"end":{"line":41,"column":46}},"loc":{"start":{"line":41,"column":25},"end":{"line":41,"column":46}},"line":41}},"f":{"0":11,"1":2,"2":1}}
,"/Users/sumayayusuf/Desktop/Test Git /book-test/book-favs/src/components/FavoriteCart.tsx": {"path":"/Users/sumayayusuf/Desktop/Test Git /book-test/book-favs/src/components/FavoriteCart.tsx","all":false,"statementMap":{"9":{"start":{"line":10,"column":0},"end":{"line":10,"column":38}},"10":{"start":{"line":11,"column":0},"end":{"line":11,"column":12}},"11":{"start":{"line":12,"column":0},"end":{"line":12,"column":10}},"12":{"start":{"line":13,"column":0},"end":{"line":13,"column":11}},"13":{"start":{"line":14,"column":0},"end":{"line":14,"column":10}},"14":{"start":{"line":15,"column":0},"end":{"line":15,"column":23}},"15":{"start":{"line":16,"column":0},"end":{"line":16,"column":28}},"18":{"start":{"line":19,"column":0},"end":{"line":19,"column":72}},"19":{"start":{"line":20,"column":0},"end":{"line":20,"column":39}},"20":{"start":{"line":21,"column":0},"end":{"line":21,"column":16}},"21":{"start":{"line":22,"column":0},"end":{"line":22,"column":5}},"22":{"start":{"line":23,"column":0},"end":{"line":23,"column":4}},"24":{"start":{"line":25,"column":0},"end":{"line":25,"column":10}},"25":{"start":{"line":26,"column":0},"end":{"line":26,"column":8}},"26":{"start":{"line":27,"column":0},"end":{"line":27,"column":30}},"27":{"start":{"line":28,"column":0},"end":{"line":28,"column":25}},"28":{"start":{"line":29,"column":0},"end":{"line":29,"column":35}},"29":{"start":{"line":30,"column":0},"end":{"line":30,"column":14}},"30":{"start":{"line":31,"column":0},"end":{"line":31,"column":26}},"31":{"start":{"line":32,"column":0},"end":{"line":32,"column":17}},"32":{"start":{"line":33,"column":0},"end":{"line":33,"column":38}},"33":{"start":{"line":34,"column":0},"end":{"line":34,"column":24}},"34":{"start":{"line":35,"column":0},"end":{"line":35,"column":35}},"35":{"start":{"line":36,"column":0},"end":{"line":36,"column":20}},"36":{"start":{"line":37,"column":0},"end":{"line":37,"column":8}},"38":{"start":{"line":39,"column":0},"end":{"line":39,"column":12}},"39":{"start":{"line":40,"column":0},"end":{"line":40,"column":28}},"40":{"start":{"line":41,"column":0},"end":{"line":41,"column":32}},"41":{"start":{"line":42,"column":0},"end":{"line":42,"column":30}},"42":{"start":{"line":43,"column":0},"end":{"line":43,"column":16}},"43":{"start":{"line":44,"column":0},"end":{"line":44,"column":25}},"44":{"start":{"line":45,"column":0},"end":{"line":45,"column":25}},"45":{"start":{"line":46,"column":0},"end":{"line":46,"column":30}},"46":{"start":{"line":47,"column":0},"end":{"line":47,"column":26}},"47":{"start":{"line":48,"column":0},"end":{"line":48,"column":51}},"48":{"start":{"line":49,"column":0},"end":{"line":49,"column":10}},"50":{"start":{"line":51,"column":0},"end":{"line":51,"column":26}},"52":{"start":{"line":53,"column":0},"end":{"line":53,"column":35}},"53":{"start":{"line":54,"column":0},"end":{"line":54,"column":12}},"54":{"start":{"line":55,"column":0},"end":{"line":55,"column":20}},"55":{"start":{"line":56,"column":0},"end":{"line":56,"column":29}},"56":{"start":{"line":57,"column":0},"end":{"line":57,"column":14}},"57":{"start":{"line":58,"column":0},"end":{"line":58,"column":11}},"59":{"start":{"line":60,"column":0},"end":{"line":60,"column":14}},"61":{"start":{"line":62,"column":0},"end":{"line":62,"column":14}},"62":{"start":{"line":63,"column":0},"end":{"line":63,"column":35}},"63":{"start":{"line":64,"column":0},"end":{"line":64,"column":29}},"64":{"start":{"line":65,"column":0},"end":{"line":65,"column":28}},"65":{"start":{"line":66,"column":0},"end":{"line":66,"column":76}},"67":{"start":{"line":68,"column":0},"end":{"line":68,"column":37}},"69":{"start":{"line":70,"column":0},"end":{"line":70,"column":38}},"70":{"start":{"line":71,"column":0},"end":{"line":71,"column":23}},"71":{"start":{"line":72,"column":0},"end":{"line":72,"column":66}},"72":{"start":{"line":73,"column":0},"end":{"line":73,"column":48}},"73":{"start":{"line":74,"column":0},"end":{"line":74,"column":17}},"75":{"start":{"line":76,"column":0},"end":{"line":76,"column":25}},"76":{"start":{"line":77,"column":0},"end":{"line":77,"column":19}},"77":{"start":{"line":78,"column":0},"end":{"line":78,"column":15}},"78":{"start":{"line":79,"column":0},"end":{"line":79,"column":15}},"80":{"start":{"line":81,"column":0},"end":{"line":81,"column":14}},"81":{"start":{"line":82,"column":0},"end":{"line":82,"column":10}},"83":{"start":{"line":84,"column":0},"end":{"line":84,"column":1}}},"s":{"9":6,"10":6,"11":6,"12":6,"13":6,"14":6,"15":6,"18":1,"19":0,"20":0,"21":0,"22":0,"24":1,"25":1,"26":1,"27":1,"28":1,"29":1,"30":1,"31":1,"32":1,"33":1,"34":1,"35":1,"36":1,"38":1,"39":1,"40":1,"41":1,"42":1,"43":1,"44":1,"45":1,"46":1,"47":1,"48":1,"50":1,"52":1,"53":0,"54":0,"55":0,"56":0,"57":0,"59":0,"61":1,"62":1,"63":1,"64":1,"65":0,"67":1,"69":1,"70":1,"71":1,"72":1,"73":1,"75":1,"76":1,"77":1,"78":1,"80":6,"81":6,"83":6},"branchMap":{"0":{"type":"branch","line":10,"loc":{"start":{"line":10,"column":0},"end":{"line":84,"column":1}},"locations":[{"start":{"line":10,"column":0},"end":{"line":84,"column":1}}]},"1":{"type":"branch","line":16,"loc":{"start":{"line":16,"column":16},"end":{"line":16,"column":28}},"locations":[{"start":{"line":16,"column":16},"end":{"line":16,"column":28}}]},"2":{"type":"branch","line":16,"loc":{"start":{"line":16,"column":23},"end":{"line":53,"column":35}},"locations":[{"start":{"line":16,"column":23},"end":{"line":53,"column":35}}]},"3":{"type":"branch","line":53,"loc":{"start":{"line":53,"column":30},"end":{"line":60,"column":14}},"locations":[{"start":{"line":53,"column":30},"end":{"line":60,"column":14}}]},"4":{"type":"branch","line":60,"loc":{"start":{"line":60,"column":10},"end":{"line":79,"column":15}},"locations":[{"start":{"line":60,"column":10},"end":{"line":79,"column":15}}]},"5":{"type":"branch","line":63,"loc":{"start":{"line":63,"column":27},"end":{"line":77,"column":19}},"locations":[{"start":{"line":63,"column":27},"end":{"line":77,"column":19}}]},"6":{"type":"branch","line":65,"loc":{"start":{"line":65,"column":19},"end":{"line":66,"column":76}},"locations":[{"start":{"line":65,"column":19},"end":{"line":66,"column":76}}]}},"b":{"0":[6],"1":[5],"2":[1],"3":[0],"4":[1],"5":[1],"6":[0]},"fnMap":{"0":{"name":"FavoriteCart","decl":{"start":{"line":10,"column":0},"end":{"line":84,"column":1}},"loc":{"start":{"line":10,"column":0},"end":{"line":84,"column":1}},"line":10},"1":{"name":"handleBackdropClick","decl":{"start":{"line":19,"column":30},"end":{"line":23,"column":4}},"loc":{"start":{"line":19,"column":30},"end":{"line":23,"column":4}},"line":19},"2":{"name":"onClick","decl":{"start":{"line":73,"column":27},"end":{"line":73,"column":48}},"loc":{"start":{"line":73,"column":27},"end":{"line":73,"column":48}},"line":73}},"f":{"0":6,"1":0,"2":0}}
,"/Users/sumayayusuf/Desktop/Test Git /book-test/book-favs/src/components/Header.tsx": {"path":"/Users/sumayayusuf/Desktop/Test Git /book-test/book-favs/src/components/Header.tsx","all":false,"statementMap":{"5":{"start":{"line":6,"column":0},"end":{"line":6,"column":73}},"6":{"start":{"line":7,"column":0},"end":{"line":7,"column":10}},"7":{"start":{"line":8,"column":0},"end":{"line":8,"column":12}},"8":{"start":{"line":9,"column":0},"end":{"line":9,"column":36}},"10":{"start":{"line":11,"column":0},"end":{"line":11,"column":93}},"12":{"start":{"line":13,"column":0},"end":{"line":13,"column":26}},"13":{"start":{"line":14,"column":0},"end":{"line":14,"column":62}},"15":{"start":{"line":16,"column":0},"end":{"line":16,"column":15}},"16":{"start":{"line":17,"column":0},"end":{"line":17,"column":13}},"18":{"start":{"line":19,"column":0},"end":{"line":19,"column":1}}},"s":{"5":10,"6":10,"7":10,"8":10,"10":10,"12":10,"13":3,"15":10,"16":10,"18":10},"branchMap":{"0":{"type":"branch","line":6,"loc":{"start":{"line":6,"column":0},"end":{"line":19,"column":1}},"locations":[{"start":{"line":6,"column":0},"end":{"line":19,"column":1}}]},"1":{"type":"branch","line":13,"loc":{"start":{"line":13,"column":20},"end":{"line":14,"column":62}},"locations":[{"start":{"line":13,"column":20},"end":{"line":14,"column":62}}]}},"b":{"0":[10],"1":[3]},"fnMap":{"0":{"name":"Header","decl":{"start":{"line":6,"column":0},"end":{"line":19,"column":1}},"loc":{"start":{"line":6,"column":0},"end":{"line":19,"column":1}},"line":6}},"f":{"0":10}}
}
